2019-04-01 15:07:30.243  INFO 127328 --- [restartedMain] com.inhe.jade.JadeServiceApplication     : Starting JadeServiceApplication on DESKTOP-ACIL4JG with PID 127328 (E:\INHEMETER\SmartPAY\Tasks\Jade\JadeService\target\classes started by liao in E:\INHEMETER\SmartPAY\Tasks\Jade\JadeService)
2019-04-01 15:07:30.271  INFO 127328 --- [restartedMain] com.inhe.jade.JadeServiceApplication     : No active profile set, falling back to default profiles: default
2019-04-01 15:07:31.169  INFO 127328 --- [restartedMain] .e.DevToolsPropertyDefaultsPostProcessor : Devtools property defaults active! Set 'spring.devtools.add-properties' to 'false' to disable
2019-04-01 15:07:31.169  INFO 127328 --- [restartedMain] .e.DevToolsPropertyDefaultsPostProcessor : For additional web related logging consider setting the 'logging.level.web' property to 'DEBUG'
2019-04-01 15:07:36.152  INFO 127328 --- [restartedMain] o.s.b.w.embedded.tomcat.TomcatWebServer  : Tomcat initialized with port(s): 9888 (http)
2019-04-01 15:07:36.280  INFO 127328 --- [restartedMain] o.apache.catalina.core.StandardService   : Starting service [Tomcat]
2019-04-01 15:07:36.280  INFO 127328 --- [restartedMain] org.apache.catalina.core.StandardEngine  : Starting Servlet engine: [Apache Tomcat/9.0.16]
2019-04-01 15:07:36.319  INFO 127328 --- [restartedMain] o.a.catalina.core.AprLifecycleListener   : The APR based Apache Tomcat Native library which allows optimal performance in production environments was not found on the java.library.path: [C:\Program Files\Java\jdk1.8.0_91\bin;C:\WINDOWS\Sun\Java\bin;C:\WINDOWS\system32;C:\WINDOWS;C:/Program Files/Java/jre1.8.0_91/bin/server;C:/Program Files/Java/jre1.8.0_91/bin;C:/Program Files/Java/jre1.8.0_91/lib/amd64;C:\ProgramData\Oracle\Java\javapath;E:\instantclient_11_2;C:\Program Files (x86)\Embarcadero\RAD Studio\7.0\bin;C:\Users\Public\Documents\RAD Studio\7.0\Bpl;C:\WINDOWS\system32;C:\WINDOWS;C:\WINDOWS\System32\Wbem;C:\WINDOWS\System32\WindowsPowerShell\v1.0\;C:\Program Files\TortoiseSVN\bin;D:\Program Files\Git\cmd;F:\xampp\php;C:\ProgramData\ComposerSetup\bin;D:\Eclipse\tomcat\bin;D:\Eclipse\tomcat\lib;C:\WINDOWS\System32\OpenSSH\;E:\INHEMETER\SMARTMIS\website\Source\mysql5\bin;F:\node-v10.7.0-win-x64;F:\xampp\redis;D:\Program Files (x86)\Rational\common;D:\instantclient_11_2;C:\Program Files\Java\jdk1.8.0_91\bin\;F:\laravel\sts-bundle\apache-activemq-5.15.7\bin;F:\rocketmq;F:\rocketmq\apache-maven-3.6.0\bin\;C:\Users\liao\AppData\Local\Microsoft\WindowsApps;C:\Users\liao\AppData\Roaming\Composer\vendor\bin;;D:\Program Files\Microsoft VS Code\bin;F:\laravel\sts-bundle\sts-3.7.3.RELEASE;;.]
2019-04-01 15:07:36.679  INFO 127328 --- [restartedMain] o.a.c.c.C.[Tomcat].[localhost].[/]       : Initializing Spring embedded WebApplicationContext
2019-04-01 15:07:36.680  INFO 127328 --- [restartedMain] o.s.web.context.ContextLoader            : Root WebApplicationContext: initialization completed in 5509 ms
2019-04-01 15:07:38.787  INFO 127328 --- [restartedMain] o.s.s.c.ThreadPoolTaskScheduler          : Initializing ExecutorService 'threadPoolTaskScheduler'
2019-04-01 15:07:39.937  WARN 127328 --- [restartedMain] ion$DefaultTemplateResolverConfiguration : Cannot find template location: classpath:/templates/ (please add some templates or check your Thymeleaf configuration)
2019-04-01 15:07:41.367  INFO 127328 --- [restartedMain] o.s.b.d.a.OptionalLiveReloadServer       : LiveReload server is running on port 35729
2019-04-01 15:07:41.898  INFO 127328 --- [restartedMain] o.s.b.w.embedded.tomcat.TomcatWebServer  : Tomcat started on port(s): 9888 (http) with context path ''
2019-04-01 15:07:41.902  INFO 127328 --- [restartedMain] com.inhe.jade.JadeServiceApplication     : Started JadeServiceApplication in 15.359 seconds (JVM running for 19.989)
2019-04-01 15:08:22.986  INFO 127328 --- [http-nio-9888-exec-1] o.a.c.c.C.[Tomcat].[localhost].[/]       : Initializing Spring DispatcherServlet 'dispatcherServlet'
2019-04-01 15:08:22.988  INFO 127328 --- [http-nio-9888-exec-1] o.s.web.servlet.DispatcherServlet        : Initializing Servlet 'dispatcherServlet'
2019-04-01 15:08:22.996  INFO 127328 --- [http-nio-9888-exec-1] o.s.web.servlet.DispatcherServlet        : Completed initialization in 8 ms
2019-04-01 15:08:23.069  INFO 127328 --- [http-nio-9888-exec-1] c.inhe.jade.controllers.JadeController   : stop Cron()
2019-04-01 15:08:26.642  INFO 127328 --- [http-nio-9888-exec-2] c.inhe.jade.controllers.JadeController   : TEST......
2019-04-01 15:11:30.515  INFO 127328 --- [http-nio-9888-exec-6] c.inhe.jade.controllers.JadeController   : TEST......
2019-04-01 15:11:51.065  INFO 117572 --- [restartedMain] com.inhe.jade.JadeServiceApplication     : Starting JadeServiceApplication on DESKTOP-ACIL4JG with PID 117572 (E:\INHEMETER\SmartPAY\Tasks\Jade\JadeService\target\classes started by liao in E:\INHEMETER\SmartPAY\Tasks\Jade\JadeService)
2019-04-01 15:11:51.111  INFO 117572 --- [restartedMain] com.inhe.jade.JadeServiceApplication     : No active profile set, falling back to default profiles: default
2019-04-01 15:11:51.295  INFO 117572 --- [restartedMain] .e.DevToolsPropertyDefaultsPostProcessor : Devtools property defaults active! Set 'spring.devtools.add-properties' to 'false' to disable
2019-04-01 15:11:51.295  INFO 117572 --- [restartedMain] .e.DevToolsPropertyDefaultsPostProcessor : For additional web related logging consider setting the 'logging.level.web' property to 'DEBUG'
2019-04-01 15:11:54.125  INFO 117572 --- [restartedMain] o.s.b.w.embedded.tomcat.TomcatWebServer  : Tomcat initialized with port(s): 9888 (http)
2019-04-01 15:11:54.163  INFO 117572 --- [restartedMain] o.apache.catalina.core.StandardService   : Starting service [Tomcat]
2019-04-01 15:11:54.163  INFO 117572 --- [restartedMain] org.apache.catalina.core.StandardEngine  : Starting Servlet engine: [Apache Tomcat/9.0.16]
2019-04-01 15:11:54.182  INFO 117572 --- [restartedMain] o.a.catalina.core.AprLifecycleListener   : The APR based Apache Tomcat Native library which allows optimal performance in production environments was not found on the java.library.path: [C:\Program Files\Java\jdk1.8.0_91\bin;C:\WINDOWS\Sun\Java\bin;C:\WINDOWS\system32;C:\WINDOWS;C:/Program Files/Java/jre1.8.0_91/bin/server;C:/Program Files/Java/jre1.8.0_91/bin;C:/Program Files/Java/jre1.8.0_91/lib/amd64;C:\ProgramData\Oracle\Java\javapath;E:\instantclient_11_2;C:\Program Files (x86)\Embarcadero\RAD Studio\7.0\bin;C:\Users\Public\Documents\RAD Studio\7.0\Bpl;C:\WINDOWS\system32;C:\WINDOWS;C:\WINDOWS\System32\Wbem;C:\WINDOWS\System32\WindowsPowerShell\v1.0\;C:\Program Files\TortoiseSVN\bin;D:\Program Files\Git\cmd;F:\xampp\php;C:\ProgramData\ComposerSetup\bin;D:\Eclipse\tomcat\bin;D:\Eclipse\tomcat\lib;C:\WINDOWS\System32\OpenSSH\;E:\INHEMETER\SMARTMIS\website\Source\mysql5\bin;F:\node-v10.7.0-win-x64;F:\xampp\redis;D:\Program Files (x86)\Rational\common;D:\instantclient_11_2;C:\Program Files\Java\jdk1.8.0_91\bin\;F:\laravel\sts-bundle\apache-activemq-5.15.7\bin;F:\rocketmq;F:\rocketmq\apache-maven-3.6.0\bin\;C:\Users\liao\AppData\Local\Microsoft\WindowsApps;C:\Users\liao\AppData\Roaming\Composer\vendor\bin;;D:\Program Files\Microsoft VS Code\bin;F:\laravel\sts-bundle\sts-3.7.3.RELEASE;;.]
2019-04-01 15:11:54.355  INFO 117572 --- [restartedMain] o.a.c.c.C.[Tomcat].[localhost].[/]       : Initializing Spring embedded WebApplicationContext
2019-04-01 15:11:54.356  INFO 117572 --- [restartedMain] o.s.web.context.ContextLoader            : Root WebApplicationContext: initialization completed in 3061 ms
2019-04-01 15:11:55.516  INFO 117572 --- [restartedMain] o.s.s.c.ThreadPoolTaskScheduler          : Initializing ExecutorService 'threadPoolTaskScheduler'
2019-04-01 15:11:56.045  WARN 117572 --- [restartedMain] ion$DefaultTemplateResolverConfiguration : Cannot find template location: classpath:/templates/ (please add some templates or check your Thymeleaf configuration)
2019-04-01 15:11:56.379  INFO 117572 --- [restartedMain] o.s.b.d.a.OptionalLiveReloadServer       : LiveReload server is running on port 35729
2019-04-01 15:11:56.466  INFO 117572 --- [restartedMain] o.s.b.w.embedded.tomcat.TomcatWebServer  : Tomcat started on port(s): 9888 (http) with context path ''
2019-04-01 15:11:56.469  INFO 117572 --- [restartedMain] com.inhe.jade.JadeServiceApplication     : Started JadeServiceApplication in 6.305 seconds (JVM running for 7.156)
2019-04-01 15:12:03.990  INFO 117572 --- [http-nio-9888-exec-10] o.a.c.c.C.[Tomcat].[localhost].[/]       : Initializing Spring DispatcherServlet 'dispatcherServlet'
2019-04-01 15:12:03.991  INFO 117572 --- [http-nio-9888-exec-10] o.s.web.servlet.DispatcherServlet        : Initializing Servlet 'dispatcherServlet'
2019-04-01 15:12:04.000  INFO 117572 --- [http-nio-9888-exec-10] o.s.web.servlet.DispatcherServlet        : Completed initialization in 9 ms
2019-04-01 15:12:04.038  INFO 117572 --- [http-nio-9888-exec-10] c.inhe.jade.controllers.JadeController   : TEST......
2019-04-01 15:12:45.765  INFO 117572 --- [Thread-6] o.s.s.c.ThreadPoolTaskScheduler          : Shutting down ExecutorService 'threadPoolTaskScheduler'
